
--- CRASH AT 2026-03-12 14:36:54.093869 ---
Traceback (most recent call last):
  File "C:\Users\AnshKakkar\Downloads\Primus\New folder (2)\Backend\auth\middleware.py", line 48, in dispatch
    return await call_next(request)
           ^^^^^^^^^^^^^^^^^^^^^^^^
  File "C:\Users\AnshKakkar\Downloads\Primus\New folder (2)\Backend\venv\Lib\site-packages\starlette\middleware\base.py", line 168, in call_next
    raise app_exc from app_exc.__cause__ or app_exc.__context__
  File "C:\Users\AnshKakkar\Downloads\Primus\New folder (2)\Backend\venv\Lib\site-packages\starlette\middleware\base.py", line 144, in coro
    await self.app(scope, receive_or_disconnect, send_no_error)
  File "C:\Users\AnshKakkar\Downloads\Primus\New folder (2)\Backend\venv\Lib\site-packages\starlette\middleware\cors.py", line 95, in __call__
    await self.simple_response(scope, receive, send, request_headers=headers)
  File "C:\Users\AnshKakkar\Downloads\Primus\New folder (2)\Backend\venv\Lib\site-packages\starlette\middleware\cors.py", line 153, in simple_response
    await self.app(scope, receive, send)
  File "C:\Users\AnshKakkar\Downloads\Primus\New folder (2)\Backend\venv\Lib\site-packages\starlette\middleware\exceptions.py", line 63, in __call__
    await wrap_app_handling_exceptions(self.app, conn)(scope, receive, send)
  File "C:\Users\AnshKakkar\Downloads\Primus\New folder (2)\Backend\venv\Lib\site-packages\starlette\_exception_handler.py", line 53, in wrapped_app
    raise exc
  File "C:\Users\AnshKakkar\Downloads\Primus\New folder (2)\Backend\venv\Lib\site-packages\starlette\_exception_handler.py", line 42, in wrapped_app
    await app(scope, receive, sender)
  File "C:\Users\AnshKakkar\Downloads\Primus\New folder (2)\Backend\venv\Lib\site-packages\fastapi\middleware\asyncexitstack.py", line 18, in __call__
    await self.app(scope, receive, send)
  File "C:\Users\AnshKakkar\Downloads\Primus\New folder (2)\Backend\venv\Lib\site-packages\starlette\routing.py", line 716, in __call__
    await self.middleware_stack(scope, receive, send)
  File "C:\Users\AnshKakkar\Downloads\Primus\New folder (2)\Backend\venv\Lib\site-packages\starlette\routing.py", line 736, in app
    await route.handle(scope, receive, send)
  File "C:\Users\AnshKakkar\Downloads\Primus\New folder (2)\Backend\venv\Lib\site-packages\starlette\routing.py", line 290, in handle
    await self.app(scope, receive, send)
  File "C:\Users\AnshKakkar\Downloads\Primus\New folder (2)\Backend\venv\Lib\site-packages\fastapi\routing.py", line 130, in app
    await wrap_app_handling_exceptions(app, request)(scope, receive, send)
  File "C:\Users\AnshKakkar\Downloads\Primus\New folder (2)\Backend\venv\Lib\site-packages\starlette\_exception_handler.py", line 53, in wrapped_app
    raise exc
  File "C:\Users\AnshKakkar\Downloads\Primus\New folder (2)\Backend\venv\Lib\site-packages\starlette\_exception_handler.py", line 42, in wrapped_app
    await app(scope, receive, sender)
  File "C:\Users\AnshKakkar\Downloads\Primus\New folder (2)\Backend\venv\Lib\site-packages\fastapi\routing.py", line 116, in app
    response = await f(request)
               ^^^^^^^^^^^^^^^^
  File "C:\Users\AnshKakkar\Downloads\Primus\New folder (2)\Backend\venv\Lib\site-packages\fastapi\routing.py", line 670, in app
    raw_response = await run_endpoint_function(
                   ^^^^^^^^^^^^^^^^^^^^^^^^^^^^
    ...<3 lines>...
    )
    ^
  File "C:\Users\AnshKakkar\Downloads\Primus\New folder (2)\Backend\venv\Lib\site-packages\fastapi\routing.py", line 324, in run_endpoint_function
    return await dependant.call(**values)
           ^^^^^^^^^^^^^^^^^^^^^^^^^^^^^^
  File "C:\Users\AnshKakkar\Downloads\Primus\New folder (2)\Backend\client\routes.py", line 292, in post_feedback
    feedback_payload = FeedbackIn(
        client_email=effective_email,
    ...<9 lines>...
        milestone_name=milestone_name_value,
    )
  File "C:\Users\AnshKakkar\Downloads\Primus\New folder (2)\Backend\venv\Lib\site-packages\pydantic\main.py", line 250, in __init__
    validated_self = self.__pydantic_validator__.validate_python(data, self_instance=self)
pydantic_core._pydantic_core.ValidationError: 4 validation errors for FeedbackIn
communication_quality
  Input should be greater than or equal to 1 [type=greater_than_equal, input_value=0, input_type=int]
    For further information visit https://errors.pydantic.dev/2.12/v/greater_than_equal
team_collaboration
  Input should be greater than or equal to 1 [type=greater_than_equal, input_value=0, input_type=int]
    For further information visit https://errors.pydantic.dev/2.12/v/greater_than_equal
solution_quality
  Input should be greater than or equal to 1 [type=greater_than_equal, input_value=0, input_type=int]
    For further information visit https://errors.pydantic.dev/2.12/v/greater_than_equal
overall_satisfaction
  Input should be greater than or equal to 1 [type=greater_than_equal, input_value=0, input_type=int]
    For further information visit https://errors.pydantic.dev/2.12/v/greater_than_equal


--- CRASH AT 2026-03-13 12:29:31.266178 ---
Traceback (most recent call last):
  File "C:\Users\AnshKakkar\Downloads\Primus\New folder (2)\Backend\venv\Lib\site-packages\httpx\_transports\default.py", line 101, in map_httpcore_exceptions
    yield
  File "C:\Users\AnshKakkar\Downloads\Primus\New folder (2)\Backend\venv\Lib\site-packages\httpx\_transports\default.py", line 394, in handle_async_request
    resp = await self._pool.handle_async_request(req)
           ^^^^^^^^^^^^^^^^^^^^^^^^^^^^^^^^^^^^^^^^^^
  File "C:\Users\AnshKakkar\Downloads\Primus\New folder (2)\Backend\venv\Lib\site-packages\httpcore\_async\connection_pool.py", line 256, in handle_async_request
    raise exc from None
  File "C:\Users\AnshKakkar\Downloads\Primus\New folder (2)\Backend\venv\Lib\site-packages\httpcore\_async\connection_pool.py", line 236, in handle_async_request
    response = await connection.handle_async_request(
               ^^^^^^^^^^^^^^^^^^^^^^^^^^^^^^^^^^^^^^
        pool_request.request
        ^^^^^^^^^^^^^^^^^^^^
    )
    ^
  File "C:\Users\AnshKakkar\Downloads\Primus\New folder (2)\Backend\venv\Lib\site-packages\httpcore\_async\connection.py", line 101, in handle_async_request
    raise exc
  File "C:\Users\AnshKakkar\Downloads\Primus\New folder (2)\Backend\venv\Lib\site-packages\httpcore\_async\connection.py", line 78, in handle_async_request
    stream = await self._connect(request)
             ^^^^^^^^^^^^^^^^^^^^^^^^^^^^
  File "C:\Users\AnshKakkar\Downloads\Primus\New folder (2)\Backend\venv\Lib\site-packages\httpcore\_async\connection.py", line 124, in _connect
    stream = await self._network_backend.connect_tcp(**kwargs)
             ^^^^^^^^^^^^^^^^^^^^^^^^^^^^^^^^^^^^^^^^^^^^^^^^^
  File "C:\Users\AnshKakkar\Downloads\Primus\New folder (2)\Backend\venv\Lib\site-packages\httpcore\_backends\auto.py", line 31, in connect_tcp
    return await self._backend.connect_tcp(
           ^^^^^^^^^^^^^^^^^^^^^^^^^^^^^^^^
    ...<5 lines>...
    )
    ^
  File "C:\Users\AnshKakkar\Downloads\Primus\New folder (2)\Backend\venv\Lib\site-packages\httpcore\_backends\anyio.py", line 113, in connect_tcp
    with map_exceptions(exc_map):
         ~~~~~~~~~~~~~~^^^^^^^^^
  File "C:\Users\AnshKakkar\AppData\Local\Programs\Python\Python314\Lib\contextlib.py", line 162, in __exit__
    self.gen.throw(value)
    ~~~~~~~~~~~~~~^^^^^^^
  File "C:\Users\AnshKakkar\Downloads\Primus\New folder (2)\Backend\venv\Lib\site-packages\httpcore\_exceptions.py", line 14, in map_exceptions
    raise to_exc(exc) from exc
httpcore.ConnectError: [Errno 11001] getaddrinfo failed

The above exception was the direct cause of the following exception:

Traceback (most recent call last):
  File "C:\Users\AnshKakkar\Downloads\Primus\New folder (2)\Backend\auth\middleware.py", line 48, in dispatch
    return await call_next(request)
           ^^^^^^^^^^^^^^^^^^^^^^^^
  File "C:\Users\AnshKakkar\Downloads\Primus\New folder (2)\Backend\venv\Lib\site-packages\starlette\middleware\base.py", line 168, in call_next
    raise app_exc from app_exc.__cause__ or app_exc.__context__
  File "C:\Users\AnshKakkar\Downloads\Primus\New folder (2)\Backend\venv\Lib\site-packages\starlette\middleware\base.py", line 144, in coro
    await self.app(scope, receive_or_disconnect, send_no_error)
  File "C:\Users\AnshKakkar\Downloads\Primus\New folder (2)\Backend\venv\Lib\site-packages\starlette\middleware\cors.py", line 87, in __call__
    await self.app(scope, receive, send)
  File "C:\Users\AnshKakkar\Downloads\Primus\New folder (2)\Backend\venv\Lib\site-packages\starlette\middleware\exceptions.py", line 63, in __call__
    await wrap_app_handling_exceptions(self.app, conn)(scope, receive, send)
  File "C:\Users\AnshKakkar\Downloads\Primus\New folder (2)\Backend\venv\Lib\site-packages\starlette\_exception_handler.py", line 53, in wrapped_app
    raise exc
  File "C:\Users\AnshKakkar\Downloads\Primus\New folder (2)\Backend\venv\Lib\site-packages\starlette\_exception_handler.py", line 42, in wrapped_app
    await app(scope, receive, sender)
  File "C:\Users\AnshKakkar\Downloads\Primus\New folder (2)\Backend\venv\Lib\site-packages\fastapi\middleware\asyncexitstack.py", line 18, in __call__
    await self.app(scope, receive, send)
  File "C:\Users\AnshKakkar\Downloads\Primus\New folder (2)\Backend\venv\Lib\site-packages\starlette\routing.py", line 716, in __call__
    await self.middleware_stack(scope, receive, send)
  File "C:\Users\AnshKakkar\Downloads\Primus\New folder (2)\Backend\venv\Lib\site-packages\starlette\routing.py", line 736, in app
    await route.handle(scope, receive, send)
  File "C:\Users\AnshKakkar\Downloads\Primus\New folder (2)\Backend\venv\Lib\site-packages\starlette\routing.py", line 290, in handle
    await self.app(scope, receive, send)
  File "C:\Users\AnshKakkar\Downloads\Primus\New folder (2)\Backend\venv\Lib\site-packages\fastapi\routing.py", line 130, in app
    await wrap_app_handling_exceptions(app, request)(scope, receive, send)
  File "C:\Users\AnshKakkar\Downloads\Primus\New folder (2)\Backend\venv\Lib\site-packages\starlette\_exception_handler.py", line 53, in wrapped_app
    raise exc
  File "C:\Users\AnshKakkar\Downloads\Primus\New folder (2)\Backend\venv\Lib\site-packages\starlette\_exception_handler.py", line 42, in wrapped_app
    await app(scope, receive, sender)
  File "C:\Users\AnshKakkar\Downloads\Primus\New folder (2)\Backend\venv\Lib\site-packages\fastapi\routing.py", line 116, in app
    response = await f(request)
               ^^^^^^^^^^^^^^^^
  File "C:\Users\AnshKakkar\Downloads\Primus\New folder (2)\Backend\venv\Lib\site-packages\fastapi\routing.py", line 670, in app
    raw_response = await run_endpoint_function(
                   ^^^^^^^^^^^^^^^^^^^^^^^^^^^^
    ...<3 lines>...
    )
    ^
  File "C:\Users\AnshKakkar\Downloads\Primus\New folder (2)\Backend\venv\Lib\site-packages\fastapi\routing.py", line 324, in run_endpoint_function
    return await dependant.call(**values)
           ^^^^^^^^^^^^^^^^^^^^^^^^^^^^^^
  File "C:\Users\AnshKakkar\Downloads\Primus\New folder (2)\Backend\client\routes.py", line 353, in list_project_document_attachments
    rows = await get_document_attachments_for_project(project_no)
           ^^^^^^^^^^^^^^^^^^^^^^^^^^^^^^^^^^^^^^^^^^^^^^^^^^^^^^
  File "C:\Users\AnshKakkar\Downloads\Primus\New folder (2)\Backend\client\dashboard\services.py", line 523, in get_document_attachments_for_project
    token = await get_access_token()
            ^^^^^^^^^^^^^^^^^^^^^^^^
  File "C:\Users\AnshKakkar\Downloads\Primus\New folder (2)\Backend\dynamics\services.py", line 32, in get_access_token
    resp = await client.post(url, data=payload, headers=headers)
           ^^^^^^^^^^^^^^^^^^^^^^^^^^^^^^^^^^^^^^^^^^^^^^^^^^^^^
  File "C:\Users\AnshKakkar\Downloads\Primus\New folder (2)\Backend\venv\Lib\site-packages\httpx\_client.py", line 1859, in post
    return await self.request(
           ^^^^^^^^^^^^^^^^^^^
    ...<13 lines>...
    )
    ^
  File "C:\Users\AnshKakkar\Downloads\Primus\New folder (2)\Backend\venv\Lib\site-packages\httpx\_client.py", line 1540, in request
    return await self.send(request, auth=auth, follow_redirects=follow_redirects)
           ^^^^^^^^^^^^^^^^^^^^^^^^^^^^^^^^^^^^^^^^^^^^^^^^^^^^^^^^^^^^^^^^^^^^^^
  File "C:\Users\AnshKakkar\Downloads\Primus\New folder (2)\Backend\venv\Lib\site-packages\httpx\_client.py", line 1629, in send
    response = await self._send_handling_auth(
               ^^^^^^^^^^^^^^^^^^^^^^^^^^^^^^^
    ...<4 lines>...
    )
    ^
  File "C:\Users\AnshKakkar\Downloads\Primus\New folder (2)\Backend\venv\Lib\site-packages\httpx\_client.py", line 1657, in _send_handling_auth
    response = await self._send_handling_redirects(
               ^^^^^^^^^^^^^^^^^^^^^^^^^^^^^^^^^^^^
    ...<3 lines>...
    )
    ^
  File "C:\Users\AnshKakkar\Downloads\Primus\New folder (2)\Backend\venv\Lib\site-packages\httpx\_client.py", line 1694, in _send_handling_redirects
    response = await self._send_single_request(request)
               ^^^^^^^^^^^^^^^^^^^^^^^^^^^^^^^^^^^^^^^^
  File "C:\Users\AnshKakkar\Downloads\Primus\New folder (2)\Backend\venv\Lib\site-packages\httpx\_client.py", line 1730, in _send_single_request
    response = await transport.handle_async_request(request)
               ^^^^^^^^^^^^^^^^^^^^^^^^^^^^^^^^^^^^^^^^^^^^^
  File "C:\Users\AnshKakkar\Downloads\Primus\New folder (2)\Backend\venv\Lib\site-packages\httpx\_transports\default.py", line 393, in handle_async_request
    with map_httpcore_exceptions():
         ~~~~~~~~~~~~~~~~~~~~~~~^^
  File "C:\Users\AnshKakkar\AppData\Local\Programs\Python\Python314\Lib\contextlib.py", line 162, in __exit__
    self.gen.throw(value)
    ~~~~~~~~~~~~~~^^^^^^^
  File "C:\Users\AnshKakkar\Downloads\Primus\New folder (2)\Backend\venv\Lib\site-packages\httpx\_transports\default.py", line 118, in map_httpcore_exceptions
    raise mapped_exc(message) from exc
httpx.ConnectError: [Errno 11001] getaddrinfo failed

